[    1707ms] [LOG] %c[Vercel Speed Insights]%c [vitals] color: rgb(120, 120, 120) color: inherit {speed: 4g, metrics: Array(3), scriptVersion: 0.1.3, sdkName: @vercel/speed-insights/next, sdkVersion: 1.2.0} /_vercel/speed-insights/vitals @ https://va.vercel-scripts.com/v1/speed-insights/script.debug.js:0
[    1708ms] [LOG] %c[Vercel Speed Insights]%c [vitals] color: rgb(120, 120, 120) color: inherit {speed: 4g, metrics: Array(1), scriptVersion: 0.1.3, sdkName: @vercel/speed-insights/next, sdkVersion: 1.2.0} /_vercel/speed-insights/vitals @ https://va.vercel-scripts.com/v1/speed-insights/script.debug.js:0
[    1911ms] [INFO] %cDownload the React DevTools for a better development experience: https://react.dev/link/react-devtools font-weight:bold @ http://localhost:3000/_next/static/chunks/node_modules_next_dist_compiled_react-dom_1e674e59._.js:14537
[    2730ms] Error: Hydration failed because the server rendered text didn't match the client. As a result this tree will be regenerated on the client. This can happen if a SSR-ed Client Component used:

- A server/client branch `if (typeof window !== 'undefined')`.
- Variable input such as `Date.now()` or `Math.random()` which changes each time it's called.
- Date formatting in a user's locale which doesn't match the server.
- External changing data without sending a snapshot of it along with the HTML.
- Invalid HTML tag nesting.

It can also happen if the client has a browser extension installed which messes with the HTML before React loaded.

https://react.dev/link/hydration-mismatch

  ...
    <AnimationProvider>
      <AnimationOrchestrator initialActiveSection={undefined}>
        <SmoothScroll>
          <OfflineIndicator>
          <UpdateNotification>
          <SharedNavbar locale="en">
            <motion.header className="fixed top-..." initial={{y:-100}} animate={{y:0}} transition={{duration:0.6}}>
              <header className="fixed top-..." style={{...}} ref={function useMotionRef.useCallback}>
                <div className="max-w-7xl ...">
                  <div className="flex items...">
                    <LinkComponent>
                    <nav className="hidden lg:...">
                      <LinkComponent>
                      <LinkComponent>
                      <LinkComponent>
                      <LinkComponent>
                      <LinkComponent>
                      <LinkComponent href="/fr/blog" className="relative p...">
                        <a
                          className="relative px-3 py-2 text-sm font-medium rounded-lg transition-colors text-gray-700..."
                          ref={function}
                          onClick={function onClick}
                          onMouseEnter={function onMouseEnter}
                          onTouchStart={function onTouchStart}
+                         href="/fr/blog"
-                         href="/en/blog"
                        >
                      ...
                      ...
                    ...
                ...
          ...
            <SegmentViewNode type="page" pagePath="[locale]/p...">
              <SegmentTrieNode>
              <Home>
                <script>
                <LandingPage locale="en">
                  <StructuredData>
                  <div className="min-h-screen" style={{...}}>
                    <main>
                      <HeroSection>
                      <TrustMarquee>
                      <StatsSection>
                      ...
                        <div className="grid gap-6" style={{...}}>
                          <ServiceCard>
                          <ServiceCard>
                          <ServiceCard>
                          <ServiceCard serviceKey="payment" index={3}>
                            <div className="group rela..." style={{...}}>
                              <div>
                              <h3>
                              <p>
                              <LinkComponent href="/fr/servic..." className="inline-fle..." style={{color:"var..."}}>
                                <a
                                  className="inline-flex items-center gap-1.5 text-sm font-semibold transition-colors ..."
                                  style={{color:"var(--colo..."}}
                                  ref={function}
                                  onClick={function onClick}
                                  onMouseEnter={function onMouseEnter}
                                  onTouchStart={function onTouchStart}
+                                 href="/fr/services/paiement-fournisseur-chine"
-                                 href="/en/services/paiement-fournisseur-chine"
                                >
                          ...
                      <AboutSection>
                      <WhyUsSection>
                      <AppPreviewSection>
                      <TrustFlowSection>
                      <ComparisonSection>
                      <QuizSection>
                        <section id="quiz" className="py-20 lg:p...">
                          <div className="max-w-7xl ...">
                            <div className="text-cente...">
                              <div className="inline-fle...">
                                <CircleQuestionMark>
                                <span>
+                                 Test gratuit en 2 minutes
-                                 Free 2-minute readiness check
                              ...
                            ...
                      ...
            ...
          ...

    at throwOnHydrationMismatch (http://localhost:3000/_next/static/chunks/node_modules_next_dist_compiled_react-dom_1e674e59._.js:2892:56)
    at prepareToHydrateHostInstance (http://localhost:3000/_next/static/chunks/node_modules_next_dist_compiled_react-dom_1e674e59._.js:2946:23)
    at completeWork (http://localhost:3000/_next/static/chunks/node_modules_next_dist_compiled_react-dom_1e674e59._.js:6330:60)
    at runWithFiberInDEV (http://localhost:3000/_next/static/chunks/node_modules_next_dist_compiled_react-dom_1e674e59._.js:886:74)
    at completeUnitOfWork (http://localhost:3000/_next/static/chunks/node_modules_next_dist_compiled_react-dom_1e674e59._.js:8363:23)
    at performUnitOfWork (http://localhost:3000/_next/static/chunks/node_modules_next_dist_compiled_react-dom_1e674e59._.js:8300:28)
    at workLoopConcurrentByScheduler (http://localhost:3000/_next/static/chunks/node_modules_next_dist_compiled_react-dom_1e674e59._.js:8294:58)
    at renderRootConcurrent (http://localhost:3000/_next/static/chunks/node_modules_next_dist_compiled_react-dom_1e674e59._.js:8276:71)
    at performWorkOnRoot (http://localhost:3000/_next/static/chunks/node_modules_next_dist_compiled_react-dom_1e674e59._.js:7908:176)
    at performWorkOnRootViaSchedulerTask (http://localhost:3000/_next/static/chunks/node_modules_next_dist_compiled_react-dom_1e674e59._.js:8882:9)
    at MessagePort.performWorkUntilDeadline (http://localhost:3000/_next/static/chunks/node_modules_next_dist_compiled_5150ccfd._.js:2601:64)
[    2884ms] [WARNING] Image with src "https://chinalinkexpress.nyc3.cdn.digitaloceanspaces.com/airshipping/logo.png" has "fill" but is missing "sizes" prop. Please add it to improve page performance. Read more: https://nextjs.org/docs/api-reference/next/image#sizes @ http://localhost:3000/_next/static/chunks/node_modules_next_dist_b0daae9a._.js:968
[    2973ms] [INFO] Banner not shown: beforeinstallpromptevent.preventDefault() called. The page must call beforeinstallpromptevent.prompt() to show the banner. @ http://localhost:3000/en:0
[    2985ms] [LOG] %c[Vercel Speed Insights]%c Debug mode is enabled by default in development. No requests will be sent to the server. color: rgb(120, 120, 120) color: inherit @ https://va.vercel-scripts.com/v1/speed-insights/script.debug.js:0
[    2986ms] [LOG] %c[Vercel Web Analytics]%c Debug mode is enabled by default in development. No requests will be sent to the server. color: rgb(120, 120, 120) color: inherit @ https://va.vercel-scripts.com/v1/script.debug.js:0
[    2986ms] [LOG] %c[Vercel Web Analytics]%c Running queued event color: rgb(120, 120, 120) color: inherit pageview {route: /[locale], path: /en} @ https://va.vercel-scripts.com/v1/script.debug.js:0
[    2986ms] [LOG] %c[Vercel Web Analytics]%c Running queued event color: rgb(120, 120, 120) color: inherit pageview {route: /[locale], path: /en} @ https://va.vercel-scripts.com/v1/script.debug.js:0
[    2987ms] [LOG] %c[Vercel Web Analytics]%c [view] http://localhost:3000/en color: rgb(120, 120, 120) color: inherit {o: http://localhost:3000/en, sv: 0.1.3, sdkn: @vercel/analytics/next, sdkv: 1.5.0, ts: 1780692136099} /_vercel/insights/view @ https://va.vercel-scripts.com/v1/script.debug.js:0
[    2987ms] [LOG] %c[Vercel Web Analytics]%c [view] http://localhost:3000/en color: rgb(120, 120, 120) color: inherit {o: http://localhost:3000/en, sv: 0.1.3, sdkn: @vercel/analytics/next, sdkv: 1.5.0, ts: 1780692136099} /_vercel/insights/view @ https://va.vercel-scripts.com/v1/script.debug.js:0
[    3461ms] [LOG] [Fast Refresh] rebuilding @ http://localhost:3000/_next/static/chunks/node_modules_next_dist_client_cf1d9188._.js:5949
[    4748ms] [LOG] [Fast Refresh] done in 1397ms @ http://localhost:3000/_next/static/chunks/node_modules_next_dist_client_cf1d9188._.js:5809
[    4875ms] [LOG] [Fast Refresh] rebuilding @ http://localhost:3000/_next/static/chunks/node_modules_next_dist_client_cf1d9188._.js:5949
[    6311ms] [LOG] [Fast Refresh] done in 1548ms @ http://localhost:3000/_next/static/chunks/node_modules_next_dist_client_cf1d9188._.js:5809
[    6647ms] [LOG] [Fast Refresh] rebuilding @ http://localhost:3000/_next/static/chunks/node_modules_next_dist_client_cf1d9188._.js:5949
[   10429ms] [LOG] [Fast Refresh] done in 3885ms @ http://localhost:3000/_next/static/chunks/node_modules_next_dist_client_cf1d9188._.js:5809
[   10533ms] [LOG] [Fast Refresh] rebuilding @ http://localhost:3000/_next/static/chunks/node_modules_next_dist_client_cf1d9188._.js:5949
[   10901ms] [LOG] [Fast Refresh] done in 473ms @ http://localhost:3000/_next/static/chunks/node_modules_next_dist_client_cf1d9188._.js:5809
[   12943ms] [LOG] [Fast Refresh] rebuilding @ http://localhost:3000/_next/static/chunks/node_modules_next_dist_client_cf1d9188._.js:5949
[   14983ms] [LOG] [Fast Refresh] done in 2142ms @ http://localhost:3000/_next/static/chunks/node_modules_next_dist_client_cf1d9188._.js:5809
[   15089ms] [LOG] [Fast Refresh] rebuilding @ http://localhost:3000/_next/static/chunks/node_modules_next_dist_client_cf1d9188._.js:5949
[   15622ms] [LOG] [Fast Refresh] done in 638ms @ http://localhost:3000/_next/static/chunks/node_modules_next_dist_client_cf1d9188._.js:5809
[   39976ms] [LOG] [Fast Refresh] rebuilding @ http://localhost:3000/_next/static/chunks/node_modules_next_dist_client_cf1d9188._.js:5949
[   41296ms] [WARNING] [Fast Refresh] performing full reload

Fast Refresh will perform a full reload when you edit a file that's imported by modules outside of the React rendering tree.
You might have a file which exports a React component but also exports a value that is imported by a non-React component file.
Consider migrating the non-React component export to a separate file and importing it into both files.

It is also possible the parent component of the component you edited is a class component, which disables Fast Refresh.
Fast Refresh requires at least one parent function component in your React tree. @ http://localhost:3000/_next/static/chunks/%5Bturbopack%5D_browser_dev_hmr-client_hmr-client_ts_c8c997ce._.js:34
[   41353ms] [LOG] [Fast Refresh] done in 1421ms @ http://localhost:3000/_next/static/chunks/node_modules_next_dist_client_cf1d9188._.js:5809
[   44523ms] [LOG] %c[Vercel Speed Insights]%c [vitals] color: rgb(120, 120, 120) color: inherit {speed: 4g, metrics: Array(3), scriptVersion: 0.1.3, sdkName: @vercel/speed-insights/next, sdkVersion: 1.2.0} /_vercel/speed-insights/vitals @ https://va.vercel-scripts.com/v1/speed-insights/script.debug.js:0
[   44524ms] [LOG] %c[Vercel Speed Insights]%c [vitals] color: rgb(120, 120, 120) color: inherit {speed: 4g, metrics: Array(1), scriptVersion: 0.1.3, sdkName: @vercel/speed-insights/next, sdkVersion: 1.2.0} /_vercel/speed-insights/vitals @ https://va.vercel-scripts.com/v1/speed-insights/script.debug.js:0
[   44829ms] [INFO] %cDownload the React DevTools for a better development experience: https://react.dev/link/react-devtools font-weight:bold @ http://localhost:3000/_next/static/chunks/node_modules_next_dist_compiled_react-dom_1e674e59._.js:14537
[   45367ms] Error: Hydration failed because the server rendered text didn't match the client. As a result this tree will be regenerated on the client. This can happen if a SSR-ed Client Component used:

- A server/client branch `if (typeof window !== 'undefined')`.
- Variable input such as `Date.now()` or `Math.random()` which changes each time it's called.
- Date formatting in a user's locale which doesn't match the server.
- External changing data without sending a snapshot of it along with the HTML.
- Invalid HTML tag nesting.

It can also happen if the client has a browser extension installed which messes with the HTML before React loaded.

https://react.dev/link/hydration-mismatch

  ...
    <AnimationProvider>
      <AnimationOrchestrator initialActiveSection={undefined}>
        <SmoothScroll>
          <OfflineIndicator>
          <UpdateNotification>
          <SharedNavbar locale="en">
            <motion.header className="fixed top-..." initial={{y:-100}} animate={{y:0}} transition={{duration:0.6}}>
              <header className="fixed top-..." style={{...}} ref={function useMotionRef.useCallback}>
                <div className="max-w-7xl ...">
                  <div className="flex items...">
                    <LinkComponent>
                    <nav className="hidden lg:...">
                      <LinkComponent>
                      <LinkComponent>
                      <LinkComponent>
                      <LinkComponent>
                      <LinkComponent>
                      <LinkComponent href="/fr/blog" className="relative p...">
                        <a
                          className="relative px-3 py-2 text-sm font-medium rounded-lg transition-colors text-gray-700..."
                          ref={function}
                          onClick={function onClick}
                          onMouseEnter={function onMouseEnter}
                          onTouchStart={function onTouchStart}
+                         href="/fr/blog"
-                         href="/en/blog"
                        >
                      ...
                      ...
                    ...
                ...
          ...
            <SegmentViewNode type="page" pagePath="[locale]/p...">
              <SegmentTrieNode>
              <Home>
                <script>
                <LandingPage locale="en">
                  <StructuredData>
                  <div className="min-h-screen" style={{...}}>
                    <main>
                      <HeroSection>
                      <TrustMarquee>
                      <StatsSection>
                      ...
                        <div className="grid gap-6" style={{...}}>
                          <ServiceCard>
                          <ServiceCard>
                          <ServiceCard>
                          <ServiceCard serviceKey="payment" index={3}>
                            <div className="group rela..." style={{...}}>
                              <div>
                              <h3>
                              <p>
                              <LinkComponent href="/fr/servic..." className="inline-fle..." style={{color:"var..."}}>
                                <a
                                  className="inline-flex items-center gap-1.5 text-sm font-semibold transition-colors ..."
                                  style={{color:"var(--colo..."}}
                                  ref={function}
                                  onClick={function onClick}
                                  onMouseEnter={function onMouseEnter}
                                  onTouchStart={function onTouchStart}
+                                 href="/fr/services/paiement-fournisseur-chine"
-                                 href="/en/services/paiement-fournisseur-chine"
                                >
                          ...
                      <AboutSection>
                      <WhyUsSection>
                      <AppPreviewSection>
                      <TrustFlowSection>
                      <ComparisonSection>
                      <QuizSection>
                        <section id="quiz" className="py-20 lg:p...">
                          <div className="max-w-7xl ...">
                            <div className="text-cente...">
                              <div className="inline-fle...">
                                <CircleQuestionMark>
                                <span>
+                                 Test gratuit en 2 minutes
-                                 Free 2-minute readiness check
                              ...
                            ...
                      ...
            ...
          ...

    at throwOnHydrationMismatch (http://localhost:3000/_next/static/chunks/node_modules_next_dist_compiled_react-dom_1e674e59._.js:2892:56)
    at prepareToHydrateHostInstance (http://localhost:3000/_next/static/chunks/node_modules_next_dist_compiled_react-dom_1e674e59._.js:2946:23)
    at completeWork (http://localhost:3000/_next/static/chunks/node_modules_next_dist_compiled_react-dom_1e674e59._.js:6330:60)
    at runWithFiberInDEV (http://localhost:3000/_next/static/chunks/node_modules_next_dist_compiled_react-dom_1e674e59._.js:886:74)
    at completeUnitOfWork (http://localhost:3000/_next/static/chunks/node_modules_next_dist_compiled_react-dom_1e674e59._.js:8363:23)
    at performUnitOfWork (http://localhost:3000/_next/static/chunks/node_modules_next_dist_compiled_react-dom_1e674e59._.js:8300:28)
    at workLoopConcurrentByScheduler (http://localhost:3000/_next/static/chunks/node_modules_next_dist_compiled_react-dom_1e674e59._.js:8294:58)
    at renderRootConcurrent (http://localhost:3000/_next/static/chunks/node_modules_next_dist_compiled_react-dom_1e674e59._.js:8276:71)
    at performWorkOnRoot (http://localhost:3000/_next/static/chunks/node_modules_next_dist_compiled_react-dom_1e674e59._.js:7908:176)
    at performWorkOnRootViaSchedulerTask (http://localhost:3000/_next/static/chunks/node_modules_next_dist_compiled_react-dom_1e674e59._.js:8882:9)
    at MessagePort.performWorkUntilDeadline (http://localhost:3000/_next/static/chunks/node_modules_next_dist_compiled_5150ccfd._.js:2601:64)
[   45511ms] [WARNING] Image with src "https://chinalinkexpress.nyc3.cdn.digitaloceanspaces.com/airshipping/logo.png" has "fill" but is missing "sizes" prop. Please add it to improve page performance. Read more: https://nextjs.org/docs/api-reference/next/image#sizes @ http://localhost:3000/_next/static/chunks/node_modules_next_dist_b0daae9a._.js:968
[   45561ms] [LOG] %c[Vercel Speed Insights]%c Debug mode is enabled by default in development. No requests will be sent to the server. color: rgb(120, 120, 120) color: inherit @ https://va.vercel-scripts.com/v1/speed-insights/script.debug.js:0
[   45562ms] [LOG] %c[Vercel Web Analytics]%c Debug mode is enabled by default in development. No requests will be sent to the server. color: rgb(120, 120, 120) color: inherit @ https://va.vercel-scripts.com/v1/script.debug.js:0
[   45562ms] [LOG] %c[Vercel Web Analytics]%c Running queued event color: rgb(120, 120, 120) color: inherit pageview {route: /[locale], path: /en} @ https://va.vercel-scripts.com/v1/script.debug.js:0
[   45563ms] [LOG] %c[Vercel Web Analytics]%c Running queued event color: rgb(120, 120, 120) color: inherit pageview {route: /[locale], path: /en} @ https://va.vercel-scripts.com/v1/script.debug.js:0
[   45564ms] [LOG] %c[Vercel Web Analytics]%c [view] http://localhost:3000/en color: rgb(120, 120, 120) color: inherit {o: http://localhost:3000/en, sv: 0.1.3, sdkn: @vercel/analytics/next, sdkv: 1.5.0, ts: 1780692178675} /_vercel/insights/view @ https://va.vercel-scripts.com/v1/script.debug.js:0
[   45564ms] [LOG] %c[Vercel Web Analytics]%c [view] http://localhost:3000/en color: rgb(120, 120, 120) color: inherit {o: http://localhost:3000/en, sv: 0.1.3, sdkn: @vercel/analytics/next, sdkv: 1.5.0, ts: 1780692178676} /_vercel/insights/view @ https://va.vercel-scripts.com/v1/script.debug.js:0
[   45652ms] [INFO] Banner not shown: beforeinstallpromptevent.preventDefault() called. The page must call beforeinstallpromptevent.prompt() to show the banner. @ http://localhost:3000/en:0
[   45712ms] [LOG] [Fast Refresh] rebuilding @ http://localhost:3000/_next/static/chunks/node_modules_next_dist_client_cf1d9188._.js:5949
[   45712ms] [LOG] [Fast Refresh] done in 101ms @ http://localhost:3000/_next/static/chunks/node_modules_next_dist_client_cf1d9188._.js:5809
