[     887ms] [INFO] %cDownload the React DevTools for a better development experience: https://react.dev/link/react-devtools font-weight:bold @ http://localhost:3000/_next/static/chunks/node_modules_next_dist_compiled_react-dom_1e674e59._.js:14537
[    2215ms] Error: Hydration failed because the server rendered text didn't match the client. As a result this tree will be regenerated on the client. This can happen if a SSR-ed Client Component used:

- A server/client branch `if (typeof window !== 'undefined')`.
- Variable input such as `Date.now()` or `Math.random()` which changes each time it's called.
- Date formatting in a user's locale which doesn't match the server.
- External changing data without sending a snapshot of it along with the HTML.
- Invalid HTML tag nesting.

It can also happen if the client has a browser extension installed which messes with the HTML before React loaded.

https://react.dev/link/hydration-mismatch

  ...
    <RedirectBoundary>
      <RedirectErrorBoundary router={{...}}>
        <InnerLayoutRouter url="/fr" tree={[...]} cacheNode={{lazyData:null, ...}} segmentPath={[...]}>
          <SegmentViewNode type="page" pagePath="[locale]/p...">
            <SegmentTrieNode>
            <Home>
              <script>
              <LandingPage locale="fr">
                <StructuredData>
                <div className="min-h-screen" style={{...}}>
                  <main>
                    <HeroSection>
                    <TrustMarquee>
                    <StatsSection>
                    <ServicesSection>
                    <AboutSection>
                    <WhyUsSection>
                    <AppPreviewSection>
                      <section id="about-app" className="relative p..." style={{...}}>
                        <div className="max-w-7xl ...">
                          <div className="grid grid-...">
                            <div className="space-y-6">
                              <div>
                              <h2
                                className="font-bold tracking-tight"
                                style={{fontFamily:"var(--font...",fontSize:"var(--text...",color:"var(--colo...",letterSpacing:"-0...", ...}}
                              >
+                               Votre fret, dans votre poche
-                               {"Téléchargez l'application"}
                              ...
                            ...
                    ...
          ...
        ...

    at throwOnHydrationMismatch (http://localhost:3000/_next/static/chunks/node_modules_next_dist_compiled_react-dom_1e674e59._.js:2892:56)
    at prepareToHydrateHostInstance (http://localhost:3000/_next/static/chunks/node_modules_next_dist_compiled_react-dom_1e674e59._.js:2946:23)
    at completeWork (http://localhost:3000/_next/static/chunks/node_modules_next_dist_compiled_react-dom_1e674e59._.js:6330:60)
    at runWithFiberInDEV (http://localhost:3000/_next/static/chunks/node_modules_next_dist_compiled_react-dom_1e674e59._.js:886:74)
    at completeUnitOfWork (http://localhost:3000/_next/static/chunks/node_modules_next_dist_compiled_react-dom_1e674e59._.js:8363:23)
    at performUnitOfWork (http://localhost:3000/_next/static/chunks/node_modules_next_dist_compiled_react-dom_1e674e59._.js:8300:28)
    at workLoopConcurrentByScheduler (http://localhost:3000/_next/static/chunks/node_modules_next_dist_compiled_react-dom_1e674e59._.js:8294:58)
    at renderRootConcurrent (http://localhost:3000/_next/static/chunks/node_modules_next_dist_compiled_react-dom_1e674e59._.js:8276:71)
    at performWorkOnRoot (http://localhost:3000/_next/static/chunks/node_modules_next_dist_compiled_react-dom_1e674e59._.js:7908:176)
    at performWorkOnRootViaSchedulerTask (http://localhost:3000/_next/static/chunks/node_modules_next_dist_compiled_react-dom_1e674e59._.js:8882:9)
    at MessagePort.performWorkUntilDeadline (http://localhost:3000/_next/static/chunks/node_modules_next_dist_compiled_5150ccfd._.js:2601:64)
[    2403ms] [WARNING] Image with src "https://chinalinkexpress.nyc3.cdn.digitaloceanspaces.com/airshipping/logo.png" has "fill" but is missing "sizes" prop. Please add it to improve page performance. Read more: https://nextjs.org/docs/api-reference/next/image#sizes @ http://localhost:3000/_next/static/chunks/node_modules_next_dist_b0daae9a._.js:968
[    2505ms] [LOG] %c[Vercel Speed Insights]%c Debug mode is enabled by default in development. No requests will be sent to the server. color: rgb(120, 120, 120) color: inherit @ https://va.vercel-scripts.com/v1/speed-insights/script.debug.js:0
[    2508ms] [LOG] %c[Vercel Web Analytics]%c Debug mode is enabled by default in development. No requests will be sent to the server. color: rgb(120, 120, 120) color: inherit @ https://va.vercel-scripts.com/v1/script.debug.js:0
[    2509ms] [LOG] %c[Vercel Web Analytics]%c Running queued event color: rgb(120, 120, 120) color: inherit pageview {route: /[locale], path: /fr} @ https://va.vercel-scripts.com/v1/script.debug.js:0
[    2510ms] [LOG] %c[Vercel Web Analytics]%c Running queued event color: rgb(120, 120, 120) color: inherit pageview {route: /[locale], path: /fr} @ https://va.vercel-scripts.com/v1/script.debug.js:0
[    2510ms] [LOG] %c[Vercel Web Analytics]%c [view] http://localhost:3000/fr color: rgb(120, 120, 120) color: inherit {o: http://localhost:3000/fr, sv: 0.1.3, sdkn: @vercel/analytics/next, sdkv: 1.5.0, ts: 1780685198330} /_vercel/insights/view @ https://va.vercel-scripts.com/v1/script.debug.js:0
[    2512ms] [LOG] %c[Vercel Web Analytics]%c [view] http://localhost:3000/fr color: rgb(120, 120, 120) color: inherit {o: http://localhost:3000/fr, sv: 0.1.3, sdkn: @vercel/analytics/next, sdkv: 1.5.0, ts: 1780685198330} /_vercel/insights/view @ https://va.vercel-scripts.com/v1/script.debug.js:0
[    2520ms] [INFO] Banner not shown: beforeinstallpromptevent.preventDefault() called. The page must call beforeinstallpromptevent.prompt() to show the banner. @ http://localhost:3000/fr:0
[    4437ms] [LOG] [Fast Refresh] rebuilding @ http://localhost:3000/_next/static/chunks/node_modules_next_dist_client_cf1d9188._.js:5949
[    8871ms] [LOG] [Fast Refresh] done in 4540ms @ http://localhost:3000/_next/static/chunks/node_modules_next_dist_client_cf1d9188._.js:5809
[   39213ms] [LOG] [Fast Refresh] rebuilding @ http://localhost:3000/_next/static/chunks/node_modules_next_dist_client_cf1d9188._.js:5949
[   41600ms] [LOG] [Fast Refresh] done in 2476ms @ http://localhost:3000/_next/static/chunks/node_modules_next_dist_client_cf1d9188._.js:5809
